{"/Users/antoinearnaud/Repos/Cours-From-Scratch/Cours JavaScript/Suite et Fin/test-js/add.js": {"path":"/Users/antoinearnaud/Repos/Cours-From-Scratch/Cours JavaScript/Suite et Fin/test-js/add.js","statementMap":{"0":{"start":{"line":6,"column":4},"end":{"line":6,"column":17}},"1":{"start":{"line":9,"column":0},"end":{"line":9,"column":24}}},"fnMap":{"0":{"name":"addNum","decl":{"start":{"line":5,"column":9},"end":{"line":5,"column":15}},"loc":{"start":{"line":5,"column":22},"end":{"line":7,"column":1}},"line":5}},"branchMap":{},"s":{"0":2,"1":1},"f":{"0":2},"b":{},"_coverageSchema":"1a1c01bbd47fc00a2c39e90264f33305004495a9","hash":"55c3a929c00330c2254520a5f5a9a5969130bea7"}
,"/Users/antoinearnaud/Repos/Cours-From-Scratch/Cours JavaScript/Suite et Fin/test-js/fusionArray.js": {"path":"/Users/antoinearnaud/Repos/Cours-From-Scratch/Cours JavaScript/Suite et Fin/test-js/fusionArray.js","statementMap":{"0":{"start":{"line":2,"column":4},"end":{"line":2,"column":30}},"1":{"start":{"line":6,"column":4},"end":{"line":6,"column":21}},"2":{"start":{"line":9,"column":0},"end":{"line":9,"column":29}}},"fnMap":{"0":{"name":"fusionArray","decl":{"start":{"line":1,"column":9},"end":{"line":1,"column":20}},"loc":{"start":{"line":1,"column":33},"end":{"line":3,"column":1}},"line":1},"1":{"name":"cloneArray","decl":{"start":{"line":5,"column":9},"end":{"line":5,"column":19}},"loc":{"start":{"line":5,"column":26},"end":{"line":7,"column":1}},"line":5}},"branchMap":{},"s":{"0":2,"1":0,"2":1},"f":{"0":2,"1":0},"b":{},"_coverageSchema":"1a1c01bbd47fc00a2c39e90264f33305004495a9","hash":"56f2f710ae0447b4a5d0b0a7931d865756d7257d"}
}
